2020-03-11 22:38:44,898 INFO Main [main] Log4j2ExampleApp started.
2020-03-11 22:38:44,938 WARN Main [main] Something to warn
2020-03-11 22:38:44,938 ERROR Main [main] Something failed.
2020-03-11 22:38:44,939 ERROR Main [main] Error message
java.nio.file.NoSuchFileException: \file\does\not\exist
	at sun.nio.fs.WindowsException.translateToIOException(WindowsException.java:85) ~[?:?]
	at sun.nio.fs.WindowsException.rethrowAsIOException(WindowsException.java:103) ~[?:?]
	at sun.nio.fs.WindowsException.rethrowAsIOException(WindowsException.java:108) ~[?:?]
	at sun.nio.fs.WindowsFileSystemProvider.newByteChannel(WindowsFileSystemProvider.java:235) ~[?:?]
	at java.nio.file.Files.newByteChannel(Files.java:373) ~[?:?]
	at java.nio.file.Files.newByteChannel(Files.java:424) ~[?:?]
	at java.nio.file.Files.readAllBytes(Files.java:3280) ~[?:?]
	at Main.main(Main.java:32) [classes/:?]
2020-03-11 22:41:51,253 INFO Main [main] Log4j2ExampleApp started.
2020-03-11 22:41:51,257 WARN Main [main] Something to warn
2020-03-11 22:41:51,257 ERROR Main [main] Something failed.
2020-03-11 22:41:51,258 ERROR Main [main] Error message
java.nio.file.NoSuchFileException: \file\does\not\exist
	at sun.nio.fs.WindowsException.translateToIOException(WindowsException.java:85) ~[?:?]
	at sun.nio.fs.WindowsException.rethrowAsIOException(WindowsException.java:103) ~[?:?]
	at sun.nio.fs.WindowsException.rethrowAsIOException(WindowsException.java:108) ~[?:?]
	at sun.nio.fs.WindowsFileSystemProvider.newByteChannel(WindowsFileSystemProvider.java:235) ~[?:?]
	at java.nio.file.Files.newByteChannel(Files.java:373) ~[?:?]
	at java.nio.file.Files.newByteChannel(Files.java:424) ~[?:?]
	at java.nio.file.Files.readAllBytes(Files.java:3280) ~[?:?]
	at Main.main(Main.java:32) [classes/:?]
2020-03-11 22:45:34,720 INFO Main [main] Log4j2ExampleApp started.
2020-03-11 22:45:34,725 WARN Main [main] Something to warn
2020-03-11 22:45:34,725 ERROR Main [main] Something failed.
2020-03-11 22:45:34,726 ERROR Main [main] Error message
java.nio.file.NoSuchFileException: \file\does\not\exist
	at sun.nio.fs.WindowsException.translateToIOException(WindowsException.java:85) ~[?:?]
	at sun.nio.fs.WindowsException.rethrowAsIOException(WindowsException.java:103) ~[?:?]
	at sun.nio.fs.WindowsException.rethrowAsIOException(WindowsException.java:108) ~[?:?]
	at sun.nio.fs.WindowsFileSystemProvider.newByteChannel(WindowsFileSystemProvider.java:235) ~[?:?]
	at java.nio.file.Files.newByteChannel(Files.java:373) ~[?:?]
	at java.nio.file.Files.newByteChannel(Files.java:424) ~[?:?]
	at java.nio.file.Files.readAllBytes(Files.java:3280) ~[?:?]
	at Main.main(Main.java:32) [classes/:?]
2020-03-11 22:45:35,309 INFO Main [main] Коллекция - books
2020-03-11 22:45:35,310 INFO Main [main] Коллекция - users
2020-03-11 22:45:35,326 INFO Main [main] 
Общее количество студентов в базе ===>  0 человек.
2020-03-11 22:45:35,326 INFO Main [main] 
Из них старше 40 лет:
2020-03-11 22:45:35,344 INFO Main [main] --- всего: 0 студентов.
2020-03-11 22:53:05,223 INFO Main [main] Log4j2ExampleApp started.
2020-03-11 22:53:05,226 WARN Main [main] Something to warn
2020-03-11 22:53:05,226 ERROR Main [main] Something failed.
2020-03-11 22:53:05,227 ERROR Main [main] Error message
java.nio.file.NoSuchFileException: \file\does\not\exist
	at sun.nio.fs.WindowsException.translateToIOException(WindowsException.java:85) ~[?:?]
	at sun.nio.fs.WindowsException.rethrowAsIOException(WindowsException.java:103) ~[?:?]
	at sun.nio.fs.WindowsException.rethrowAsIOException(WindowsException.java:108) ~[?:?]
	at sun.nio.fs.WindowsFileSystemProvider.newByteChannel(WindowsFileSystemProvider.java:235) ~[?:?]
	at java.nio.file.Files.newByteChannel(Files.java:373) ~[?:?]
	at java.nio.file.Files.newByteChannel(Files.java:424) ~[?:?]
	at java.nio.file.Files.readAllBytes(Files.java:3280) ~[?:?]
	at Main.main(Main.java:32) [classes/:?]
2020-03-11 22:53:05,682 INFO Main [main] Коллекция - books
2020-03-11 22:53:05,682 INFO Main [main] Коллекция - users
2020-03-11 22:53:05,690 INFO Main [main] 
Общее количество студентов в базе ===>  0 человек.
2020-03-11 22:53:05,690 INFO Main [main] 
Из них старше 40 лет:
2020-03-11 22:53:05,704 INFO Main [main] --- всего: 0 студентов.
2020-03-11 22:55:48,633 INFO Main [main] Log4j2ExampleApp started.
2020-03-11 22:55:48,637 WARN Main [main] Something to warn
2020-03-11 22:55:48,637 ERROR Main [main] Something failed.
2020-03-11 22:55:48,638 ERROR Main [main] Error message
java.nio.file.NoSuchFileException: \file\does\not\exist
	at sun.nio.fs.WindowsException.translateToIOException(WindowsException.java:85) ~[?:?]
	at sun.nio.fs.WindowsException.rethrowAsIOException(WindowsException.java:103) ~[?:?]
	at sun.nio.fs.WindowsException.rethrowAsIOException(WindowsException.java:108) ~[?:?]
	at sun.nio.fs.WindowsFileSystemProvider.newByteChannel(WindowsFileSystemProvider.java:235) ~[?:?]
	at java.nio.file.Files.newByteChannel(Files.java:373) ~[?:?]
	at java.nio.file.Files.newByteChannel(Files.java:424) ~[?:?]
	at java.nio.file.Files.readAllBytes(Files.java:3280) ~[?:?]
	at Main.main(Main.java:32) [classes/:?]
2020-03-11 22:55:49,509 INFO Main [main] Коллекция - books
2020-03-11 22:55:49,509 INFO Main [main] Коллекция - users
2020-03-11 22:55:49,509 INFO Main [main] Коллекция - Students
2020-03-11 22:55:49,517 INFO Main [main] 
Общее количество студентов в базе ===>  100 человек.
2020-03-11 22:55:49,517 INFO Main [main] 
Из них старше 40 лет:
2020-03-11 22:55:49,541 INFO Main [main] --- всего: 0 студентов.
2020-03-11 23:01:08,080 INFO Main [main] Log4j2ExampleApp started.
2020-03-11 23:01:08,085 WARN Main [main] Something to warn
2020-03-11 23:01:08,085 ERROR Main [main] Something failed.
2020-03-11 23:01:08,086 ERROR Main [main] Error message
java.nio.file.NoSuchFileException: \file\does\not\exist
	at sun.nio.fs.WindowsException.translateToIOException(WindowsException.java:85) ~[?:?]
	at sun.nio.fs.WindowsException.rethrowAsIOException(WindowsException.java:103) ~[?:?]
	at sun.nio.fs.WindowsException.rethrowAsIOException(WindowsException.java:108) ~[?:?]
	at sun.nio.fs.WindowsFileSystemProvider.newByteChannel(WindowsFileSystemProvider.java:235) ~[?:?]
	at java.nio.file.Files.newByteChannel(Files.java:373) ~[?:?]
	at java.nio.file.Files.newByteChannel(Files.java:424) ~[?:?]
	at java.nio.file.Files.readAllBytes(Files.java:3280) ~[?:?]
	at Main.main(Main.java:32) [classes/:?]
2020-03-11 23:01:08,861 INFO Main [main] Коллекция - Students
2020-03-11 23:01:08,861 INFO Main [main] Коллекция - books
2020-03-11 23:01:08,862 INFO Main [main] Коллекция - users
2020-03-11 23:01:08,869 INFO Main [main] 
Общее количество студентов в базе ===>  100 человек.
2020-03-11 23:01:08,870 INFO Main [main] 
Из них старше 40 лет:
2020-03-11 23:01:08,894 INFO Main [main] { "_id" : { "$oid" : "5e6943843a807533845d5ce8" }, "Name" : "Sanah Jacobs", "Age" : 41, "Courses" : "Java,Python,iOS" }
2020-03-11 23:01:08,894 INFO Main [main] { "_id" : { "$oid" : "5e6943843a807533845d5d29" }, "Name" : "Elaine Welsh", "Age" : 42, "Courses" : "Web,Android" }
2020-03-11 23:01:08,894 INFO Main [main] { "_id" : { "$oid" : "5e6943843a807533845d5d2b" }, "Name" : "Aman Ryder", "Age" : 43, "Courses" : "Web,Python" }
2020-03-11 23:01:08,895 INFO Main [main] { "_id" : { "$oid" : "5e6943843a807533845d5d40" }, "Name" : "Sahra Herman", "Age" : 42, "Courses" : "Java,Android" }
2020-03-11 23:01:08,895 INFO Main [main] { "_id" : { "$oid" : "5e6943843a807533845d5d42" }, "Name" : "Jacques Goulding", "Age" : 43, "Courses" : "Java,Android,iOS" }
2020-03-11 23:01:08,896 INFO Main [main] --- всего: 5 студентов.
2020-03-11 23:01:08,903 INFO Main [main] 
Самый молодой студент ===>  Opal Squires  возраст: 18 лет.
2020-03-11 23:01:08,905 INFO Main [main] 
Самый старший студент Aman Ryder  изучает: Web,Python

2020-03-11 23:02:38,741 INFO Main [main] Log4j2ExampleApp started.
2020-03-11 23:02:38,744 WARN Main [main] Something to warn
2020-03-11 23:02:38,744 ERROR Main [main] Something failed.
2020-03-11 23:02:38,745 ERROR Main [main] Error message
java.nio.file.NoSuchFileException: \file\does\not\exist
	at sun.nio.fs.WindowsException.translateToIOException(WindowsException.java:85) ~[?:?]
	at sun.nio.fs.WindowsException.rethrowAsIOException(WindowsException.java:103) ~[?:?]
	at sun.nio.fs.WindowsException.rethrowAsIOException(WindowsException.java:108) ~[?:?]
	at sun.nio.fs.WindowsFileSystemProvider.newByteChannel(WindowsFileSystemProvider.java:235) ~[?:?]
	at java.nio.file.Files.newByteChannel(Files.java:373) ~[?:?]
	at java.nio.file.Files.newByteChannel(Files.java:424) ~[?:?]
	at java.nio.file.Files.readAllBytes(Files.java:3280) ~[?:?]
	at Main.main(Main.java:32) [classes/:?]
2020-03-11 23:02:39,489 INFO Main [main] Коллекция - Students
2020-03-11 23:02:39,489 INFO Main [main] Коллекция - books
2020-03-11 23:02:39,489 INFO Main [main] Коллекция - users
2020-03-11 23:02:39,497 INFO Main [main] 
Общее количество студентов в базе ===>  100 человек.
2020-03-11 23:02:39,497 INFO Main [main] 
Из них старше 40 лет:
2020-03-11 23:02:39,522 INFO Main [main] { "_id" : { "$oid" : "5e6943df3a80753240ee56ca" }, "Name" : "Sanah Jacobs", "Age" : 41, "Courses" : "Java,Python,iOS" }
2020-03-11 23:02:39,522 INFO Main [main] { "_id" : { "$oid" : "5e6943df3a80753240ee570b" }, "Name" : "Elaine Welsh", "Age" : 42, "Courses" : "Web,Android" }
2020-03-11 23:02:39,522 INFO Main [main] { "_id" : { "$oid" : "5e6943df3a80753240ee570d" }, "Name" : "Aman Ryder", "Age" : 43, "Courses" : "Web,Python" }
2020-03-11 23:02:39,523 INFO Main [main] { "_id" : { "$oid" : "5e6943df3a80753240ee5722" }, "Name" : "Sahra Herman", "Age" : 42, "Courses" : "Java,Android" }
2020-03-11 23:02:39,523 INFO Main [main] { "_id" : { "$oid" : "5e6943df3a80753240ee5724" }, "Name" : "Jacques Goulding", "Age" : 43, "Courses" : "Java,Android,iOS" }
2020-03-11 23:02:39,524 INFO Main [main] --- всего: 5 студентов.
2020-03-11 23:02:39,531 INFO Main [main] 
Самый молодой студент ===>  Opal Squires  возраст: 18 лет.
2020-03-11 23:02:39,533 INFO Main [main] 
Самый старший студент Aman Ryder  изучает: Web,Python

2020-03-11 23:06:21,827 INFO Main [main] Log4j2ExampleApp started.
2020-03-11 23:06:21,831 WARN Main [main] Something to warn
2020-03-11 23:06:21,831 ERROR Main [main] Something failed.
2020-03-11 23:06:21,832 ERROR Main [main] Error message
java.nio.file.NoSuchFileException: \file\does\not\exist
	at sun.nio.fs.WindowsException.translateToIOException(WindowsException.java:85) ~[?:?]
	at sun.nio.fs.WindowsException.rethrowAsIOException(WindowsException.java:103) ~[?:?]
	at sun.nio.fs.WindowsException.rethrowAsIOException(WindowsException.java:108) ~[?:?]
	at sun.nio.fs.WindowsFileSystemProvider.newByteChannel(WindowsFileSystemProvider.java:235) ~[?:?]
	at java.nio.file.Files.newByteChannel(Files.java:373) ~[?:?]
	at java.nio.file.Files.newByteChannel(Files.java:424) ~[?:?]
	at java.nio.file.Files.readAllBytes(Files.java:3280) ~[?:?]
	at Main.main(Main.java:32) [classes/:?]
2020-03-11 23:06:22,627 INFO Main [main] Коллекция - books
2020-03-11 23:06:22,627 INFO Main [main] Коллекция - users
2020-03-11 23:06:22,627 INFO Main [main] Коллекция - Students
2020-03-11 23:06:22,635 INFO Main [main] 
Общее количество студентов в базе ===>  100 человек.
2020-03-11 23:06:22,635 INFO Main [main] 
Из них старше 40 лет:
2020-03-11 23:06:22,659 INFO Main [main] { "_id" : { "$oid" : "5e6944be3a807530b45676ce" }, "Name" : "Sanah Jacobs", "Age" : 41, "Courses" : "Java,Python,iOS" }
2020-03-11 23:06:22,659 INFO Main [main] { "_id" : { "$oid" : "5e6944be3a807530b456770f" }, "Name" : "Elaine Welsh", "Age" : 42, "Courses" : "Web,Android" }
2020-03-11 23:06:22,659 INFO Main [main] { "_id" : { "$oid" : "5e6944be3a807530b4567711" }, "Name" : "Aman Ryder", "Age" : 43, "Courses" : "Web,Python" }
2020-03-11 23:06:22,660 INFO Main [main] { "_id" : { "$oid" : "5e6944be3a807530b4567726" }, "Name" : "Sahra Herman", "Age" : 42, "Courses" : "Java,Android" }
2020-03-11 23:06:22,660 INFO Main [main] { "_id" : { "$oid" : "5e6944be3a807530b4567728" }, "Name" : "Jacques Goulding", "Age" : 43, "Courses" : "Java,Android,iOS" }
2020-03-11 23:06:22,661 INFO Main [main] --- всего: 5 студентов.
2020-03-11 23:06:22,668 INFO Main [main] 
Самый молодой студент ===>  Opal Squires  возраст: 18 лет.
2020-03-11 23:06:22,670 INFO Main [main] 
Самый старший студент Aman Ryder  изучает: Web,Python

2020-03-11 23:07:48,692 INFO Main [main] Log4j2ExampleApp started.
2020-03-11 23:07:48,694 WARN Main [main] Something to warn
2020-03-11 23:07:48,695 ERROR Main [main] Something failed.
2020-03-11 23:07:48,695 ERROR Main [main] Error message
java.nio.file.NoSuchFileException: \file\does\not\exist
	at sun.nio.fs.WindowsException.translateToIOException(WindowsException.java:85) ~[?:?]
	at sun.nio.fs.WindowsException.rethrowAsIOException(WindowsException.java:103) ~[?:?]
	at sun.nio.fs.WindowsException.rethrowAsIOException(WindowsException.java:108) ~[?:?]
	at sun.nio.fs.WindowsFileSystemProvider.newByteChannel(WindowsFileSystemProvider.java:235) ~[?:?]
	at java.nio.file.Files.newByteChannel(Files.java:373) ~[?:?]
	at java.nio.file.Files.newByteChannel(Files.java:424) ~[?:?]
	at java.nio.file.Files.readAllBytes(Files.java:3280) ~[?:?]
	at Main.main(Main.java:32) [classes/:?]
2020-03-11 23:07:49,507 INFO Main [main] Коллекция - books
2020-03-11 23:07:49,507 INFO Main [main] Коллекция - users
2020-03-11 23:07:49,508 INFO Main [main] Коллекция - Students
2020-03-11 23:07:49,516 INFO Main [main] 
Общее количество студентов в базе ===>  100 человек.
2020-03-11 23:07:49,516 INFO Main [main] 
Из них старше 40 лет:
2020-03-11 23:07:49,541 INFO Main [main] { "_id" : { "$oid" : "5e6945153a80753278e4946e" }, "Name" : "Sanah Jacobs", "Age" : 41, "Courses" : "Java,Python,iOS" }
2020-03-11 23:07:49,541 INFO Main [main] { "_id" : { "$oid" : "5e6945153a80753278e494af" }, "Name" : "Elaine Welsh", "Age" : 42, "Courses" : "Web,Android" }
2020-03-11 23:07:49,542 INFO Main [main] { "_id" : { "$oid" : "5e6945153a80753278e494b1" }, "Name" : "Aman Ryder", "Age" : 43, "Courses" : "Web,Python" }
2020-03-11 23:07:49,542 INFO Main [main] { "_id" : { "$oid" : "5e6945153a80753278e494c6" }, "Name" : "Sahra Herman", "Age" : 42, "Courses" : "Java,Android" }
2020-03-11 23:07:49,542 INFO Main [main] { "_id" : { "$oid" : "5e6945153a80753278e494c8" }, "Name" : "Jacques Goulding", "Age" : 43, "Courses" : "Java,Android,iOS" }
2020-03-11 23:07:49,542 INFO Main [main] --- всего: 5 студентов.
2020-03-11 23:07:49,550 INFO Main [main] 
Самый молодой студент ===>  Opal Squires  возраст: 18 лет.
2020-03-11 23:07:49,552 INFO Main [main] 
Самый старший студент Aman Ryder  изучает: Web,Python

2020-03-11 23:12:04,281 INFO Main [main] Log4j2ExampleApp started.
2020-03-11 23:12:04,285 WARN Main [main] Something to warn
2020-03-11 23:12:04,285 ERROR Main [main] Something failed.
2020-03-11 23:12:04,286 ERROR Main [main] Error message
java.nio.file.NoSuchFileException: \file\does\not\exist
	at sun.nio.fs.WindowsException.translateToIOException(WindowsException.java:85) ~[?:?]
	at sun.nio.fs.WindowsException.rethrowAsIOException(WindowsException.java:103) ~[?:?]
	at sun.nio.fs.WindowsException.rethrowAsIOException(WindowsException.java:108) ~[?:?]
	at sun.nio.fs.WindowsFileSystemProvider.newByteChannel(WindowsFileSystemProvider.java:235) ~[?:?]
	at java.nio.file.Files.newByteChannel(Files.java:373) ~[?:?]
	at java.nio.file.Files.newByteChannel(Files.java:424) ~[?:?]
	at java.nio.file.Files.readAllBytes(Files.java:3280) ~[?:?]
	at Main.main(Main.java:32) [classes/:?]
2020-03-11 23:12:04,943 INFO Main [main] Коллекция - books
2020-03-11 23:12:04,943 INFO Main [main] Коллекция - users
2020-03-11 23:12:04,952 INFO Main [main] 
Общее количество студентов в базе ===>  0 человек.
2020-03-11 23:12:04,952 INFO Main [main] 
Из них старше 40 лет:
2020-03-11 23:12:04,970 INFO Main [main] --- всего: 0 студентов.
2020-03-11 23:12:26,742 INFO Main [main] Log4j2ExampleApp started.
2020-03-11 23:12:26,745 WARN Main [main] Something to warn
2020-03-11 23:12:26,745 ERROR Main [main] Something failed.
2020-03-11 23:12:26,746 ERROR Main [main] Error message
java.nio.file.NoSuchFileException: \file\does\not\exist
	at sun.nio.fs.WindowsException.translateToIOException(WindowsException.java:85) ~[?:?]
	at sun.nio.fs.WindowsException.rethrowAsIOException(WindowsException.java:103) ~[?:?]
	at sun.nio.fs.WindowsException.rethrowAsIOException(WindowsException.java:108) ~[?:?]
	at sun.nio.fs.WindowsFileSystemProvider.newByteChannel(WindowsFileSystemProvider.java:235) ~[?:?]
	at java.nio.file.Files.newByteChannel(Files.java:373) ~[?:?]
	at java.nio.file.Files.newByteChannel(Files.java:424) ~[?:?]
	at java.nio.file.Files.readAllBytes(Files.java:3280) ~[?:?]
	at Main.main(Main.java:32) [classes/:?]
2020-03-11 23:12:27,438 INFO Main [main] Коллекция - books
2020-03-11 23:12:27,439 INFO Main [main] Коллекция - users
2020-03-11 23:12:27,439 INFO Main [main] Коллекция - Students
2020-03-11 23:12:27,446 INFO Main [main] 
Общее количество студентов в базе ===>  100 человек.
2020-03-11 23:12:27,447 INFO Main [main] 
Из них старше 40 лет:
2020-03-11 23:12:27,460 INFO Main [main] { "_id" : { "$oid" : "5e69462b3a807521482ebb15" }, "Name" : "Sanah Jacobs", "Age" : 41, "Courses" : "Java,Python,iOS" }
2020-03-11 23:12:27,461 INFO Main [main] { "_id" : { "$oid" : "5e69462b3a807521482ebb56" }, "Name" : "Elaine Welsh", "Age" : 42, "Courses" : "Web,Android" }
2020-03-11 23:12:27,461 INFO Main [main] { "_id" : { "$oid" : "5e69462b3a807521482ebb58" }, "Name" : "Aman Ryder", "Age" : 43, "Courses" : "Web,Python" }
2020-03-11 23:12:27,462 INFO Main [main] { "_id" : { "$oid" : "5e69462b3a807521482ebb6d" }, "Name" : "Sahra Herman", "Age" : 42, "Courses" : "Java,Android" }
2020-03-11 23:12:27,462 INFO Main [main] { "_id" : { "$oid" : "5e69462b3a807521482ebb6f" }, "Name" : "Jacques Goulding", "Age" : 43, "Courses" : "Java,Android,iOS" }
2020-03-11 23:12:27,462 INFO Main [main] --- всего: 5 студентов.
2020-03-11 23:12:27,469 INFO Main [main] 
Самый молодой студент ===>  Opal Squires  возраст: 18 лет.
2020-03-11 23:12:27,471 INFO Main [main] 
Самый старший студент Aman Ryder  изучает: Web,Python

2020-03-11 23:19:15,081 INFO Main [main] Log4j2ExampleApp started.
2020-03-11 23:19:15,085 WARN Main [main] Something to warn
2020-03-11 23:19:15,085 ERROR Main [main] Something failed.
2020-03-11 23:19:15,087 ERROR Main [main] Error message
java.nio.file.NoSuchFileException: \file\does\not\exist
	at sun.nio.fs.WindowsException.translateToIOException(WindowsException.java:85) ~[?:?]
	at sun.nio.fs.WindowsException.rethrowAsIOException(WindowsException.java:103) ~[?:?]
	at sun.nio.fs.WindowsException.rethrowAsIOException(WindowsException.java:108) ~[?:?]
	at sun.nio.fs.WindowsFileSystemProvider.newByteChannel(WindowsFileSystemProvider.java:235) ~[?:?]
	at java.nio.file.Files.newByteChannel(Files.java:373) ~[?:?]
	at java.nio.file.Files.newByteChannel(Files.java:424) ~[?:?]
	at java.nio.file.Files.readAllBytes(Files.java:3280) ~[?:?]
	at Main.main(Main.java:29) [classes/:?]
2020-03-11 23:19:15,908 INFO Main [main] Коллекция - books
2020-03-11 23:19:15,908 INFO Main [main] Коллекция - users
2020-03-11 23:19:15,908 INFO Main [main] Коллекция - Students
2020-03-11 23:19:15,917 INFO Main [main] 
Общее количество студентов в базе ===>  100 человек.
2020-03-11 23:19:15,917 INFO Main [main] 
Из них старше 40 лет:
2020-03-11 23:19:15,942 INFO Main [main] { "_id" : { "$oid" : "5e6947c33a80753300088cc0" }, "Name" : "Sanah Jacobs", "Age" : 41, "Courses" : "Java,Python,iOS" }
2020-03-11 23:19:15,943 INFO Main [main] { "_id" : { "$oid" : "5e6947c33a80753300088d01" }, "Name" : "Elaine Welsh", "Age" : 42, "Courses" : "Web,Android" }
2020-03-11 23:19:15,943 INFO Main [main] { "_id" : { "$oid" : "5e6947c33a80753300088d03" }, "Name" : "Aman Ryder", "Age" : 43, "Courses" : "Web,Python" }
2020-03-11 23:19:15,944 INFO Main [main] { "_id" : { "$oid" : "5e6947c33a80753300088d18" }, "Name" : "Sahra Herman", "Age" : 42, "Courses" : "Java,Android" }
2020-03-11 23:19:15,944 INFO Main [main] { "_id" : { "$oid" : "5e6947c33a80753300088d1a" }, "Name" : "Jacques Goulding", "Age" : 43, "Courses" : "Java,Android,iOS" }
2020-03-11 23:19:15,944 INFO Main [main] --- всего: 5 студентов.
2020-03-11 23:19:15,952 INFO Main [main] 
Самый молодой студент ===>  Opal Squires  возраст: 18 лет.
2020-03-11 23:19:15,954 INFO Main [main] 
Самый старший студент Aman Ryder  изучает: Web,Python

